<?xml version="1.0" encoding="UTF-8"?>
<!-- Generated by org.testng.reporters.JUnitXMLReporter -->
<testsuite ignored="0" hostname="LAPTOP-AI95LTCT" failures="0" tests="4" name="Open Cart Tests" time="55.647" errors="0" timestamp="2021-06-02T22:58:17 IST">
  <testcase classname="testCases.TC_003_LoginDTT" name="test_LoginDTT" time="9.233"/>
  <testcase classname="testCases.TC_003_LoginDTT" name="test_LoginDTT" time="13.972"/>
  <testcase classname="testCases.TC_003_LoginDTT" name="test_LoginDTT" time="14.055"/>
  <testcase classname="testCases.TC_003_LoginDTT" name="test_LoginDTT" time="14.153"/>
</testsuite> <!-- Open Cart Tests -->
